2022-01-01 23:05:01,636-248631-INFO-Pickle file does not exist.
2022-01-01 23:05:01,637-248631-INFO-Creating new one.
2022-01-01 23:05:42,367-248769-INFO-Pickle file does not exist.
2022-01-01 23:05:42,368-248769-INFO-Creating new one.
2022-01-01 23:05:42,655-248769-INFO-Minimum order volume: XETHZUSD: 0.001
2022-01-01 23:05:43,010-248769-INFO-Minimum order volume: ADAUSD: 2.5
2022-01-01 23:05:43,426-248769-INFO-Minimum order volume: SOLUSD: 0.02
2022-01-01 23:05:43,699-248769-INFO-Minimum order volume: DOTUSD: 0.2
2022-01-01 23:05:43,969-248769-INFO-Minimum order volume: ALGOUSD: 2.5
2022-01-01 23:05:44,002-248769-INFO-Updated ALGOUSD contribution to 2.5
2022-01-01 23:05:44,405-248769-INFO-Minimum order volume: KSMUSD: 0.02
2022-01-01 23:05:44,438-248769-INFO-Updated KSMUSD contribution to 0.02
2022-01-01 23:05:44,438-248769-INFO-Buying assets
2022-01-01 23:05:45,181-248769-INFO-[]
2022-01-01 23:24:08,993-252247-INFO-Minimum order volume: XETHZUSD: 0.001
2022-01-01 23:24:09,277-252247-INFO-Minimum order volume: ADAUSD: 2.5
2022-01-01 23:24:09,707-252247-INFO-Minimum order volume: SOLUSD: 0.02
2022-01-01 23:24:10,013-252247-INFO-Minimum order volume: DOTUSD: 0.2
2022-01-01 23:24:10,471-252247-INFO-Minimum order volume: ALGOUSD: 2.5
2022-01-01 23:24:10,503-252247-INFO-Updated ALGOUSD contribution to 2.5
2022-01-01 23:24:10,888-252247-INFO-Minimum order volume: KSMUSD: 0.02
2022-01-01 23:24:10,922-252247-INFO-Updated KSMUSD contribution to 0.02
2022-01-01 23:24:10,923-252247-INFO-Buying assets
2022-01-01 23:24:11,315-252247-INFO-Bought pair: XETHZUSD 0.00256085->9.6
2022-01-01 23:24:11,567-252247-INFO-Bought pair: ADAUSD 6.44453997->8.8
2022-01-01 23:24:11,969-252247-INFO-Bought pair: SOLUSD 0.04960541->8.8
2022-01-01 23:24:12,245-252247-INFO-Bought pair: DOTUSD 0.31048012->8.8
2022-01-01 23:24:12,489-252247-INFO-Bought pair: ALGOUSD 2.5->4.34
2022-01-01 23:24:12,721-252247-INFO-Bought pair: KSMUSD 0.02->5.74
2022-01-01 23:44:24,482-256525-INFO-[]
2022-01-02 10:27:31,376-263955-INFO-Minimum order volume: XETHZUSD: 0.001
2022-01-02 10:27:31,720-263955-INFO-Minimum order volume: ADAUSD: 2.5
2022-01-02 10:27:32,037-263955-INFO-Minimum order volume: SOLUSD: 0.02
2022-01-02 10:27:32,306-263955-INFO-Minimum order volume: DOTUSD: 0.2
2022-01-02 10:27:32,831-263955-INFO-Minimum order volume: ALGOUSD: 2.5
2022-01-02 10:27:32,874-263955-INFO-Updated ALGOUSD contribution to 2.5
2022-01-02 10:27:33,293-263955-INFO-Minimum order volume: KSMUSD: 0.02
2022-01-02 10:27:33,329-263955-INFO-Updated KSMUSD contribution to 0.02
2022-01-02 10:27:33,330-263955-INFO-Buying assets
2022-01-02 10:27:33,604-263955-INFO-Bought pair: XETHZUSD 0.00255871->9.6
2022-01-02 10:27:33,837-263955-INFO-Bought pair: ADAUSD 6.47019812->8.8
2022-01-02 10:27:34,239-263955-INFO-Bought pair: SOLUSD 0.05007112->8.8
2022-01-02 10:27:34,471-263955-INFO-Bought pair: DOTUSD 0.30669608->8.8
2022-01-02 10:27:34,705-263955-INFO-Bought pair: ALGOUSD 2.5->4.24
2022-01-02 10:27:34,938-263955-INFO-Bought pair: KSMUSD 0.02->5.76
2022-01-02 10:28:12,269-264128-INFO-Minimum order volume: XETHZUSD: 0.001
2022-01-02 10:28:12,564-264128-INFO-Minimum order volume: ADAUSD: 2.5
2022-01-02 10:28:12,842-264128-INFO-Minimum order volume: SOLUSD: 0.02
2022-01-02 10:28:13,139-264128-INFO-Minimum order volume: DOTUSD: 0.2
2022-01-02 10:28:13,580-264128-INFO-Minimum order volume: ALGOUSD: 2.5
2022-01-02 10:28:13,616-264128-INFO-Updated ALGOUSD contribution to 2.5
2022-01-02 10:28:13,869-264128-INFO-Minimum order volume: KSMUSD: 0.02
2022-01-02 10:28:13,895-264128-INFO-Updated KSMUSD contribution to 0.02
2022-01-02 10:28:13,896-264128-INFO-Buying assets
2022-01-02 10:28:14,290-264128-INFO-Bought pair: XETHZUSD 0.00255883->9.6
2022-01-02 10:28:14,538-264128-INFO-Bought pair: ADAUSD 6.4691945->8.8
2022-01-02 10:28:14,812-264128-INFO-Bought pair: SOLUSD 0.05007682->8.8
2022-01-02 10:28:15,256-264128-INFO-Bought pair: DOTUSD 0.30663517->8.8
2022-01-02 10:28:15,688-264128-INFO-Bought pair: ALGOUSD 2.5->4.24
2022-01-02 10:28:16,092-264128-INFO-Bought pair: KSMUSD 0.02->5.76
